==========================================
PARALLEL CONNECTIVITY Full JOB
==========================================
Job ID: 12395745
Array Task ID: 201
Node: c274
CPUs allocated: 64
Memory allocated: 204800 MB
Start time: Tue 23 Sep 2025 08:17:13 AM AEST
==========================================
Running parallel connectivity analysis...
Chunk size: 200
CPUs: 64

Processing date: 2015-10-29
Processing species: merulinidae
Run index: 10
Chunk number: 0
Species index: 1
Output file: connectivity_2015-10-29_merulinidae_run10.nc

================================================================================
REEF CONNECTIVITY ANALYSIS WITH PARALLEL PROCESSING
================================================================================

1. Loading configuration from: config/connectivity_parameters.yaml
Configuration loaded from: config/connectivity_parameters.yaml
   ✅ Configuration loaded
   Species overridden to: merulinidae
   Bootstrap: 500 particles, 10 repetitions
   Species: merulinidae

2. Loading shapefile and calculating spatial metrics...
Loading shapefile: /datasets/work/oa-coconet/work/OceanParcels-GBR/data/Shape_files/gbr1_coral_1m_merged_buffer0p001.shp
Loaded 3806 reef sites
   ✅ Loaded 3806 reef sites
   Calculating spatial metrics...
   ✅ Spatial metrics calculated: (3806, 3806)

3. Finding particle files for release day 2015-10-29...
 
 path to particles /datasets/work/oa-coconet/work/OceanParcels-GBR/outputs/Coral/2015-10-29
Found 3806 particle files for release day 2015-10-29
Found 3806 particle files for release day 2015-10-29
   ✅ Found 3806 particle files

4. Initializing connectivity matrix...
   Dimensions: 3806 sources × 3806 sinks × 2 treatments × 10 samples
   Minimum age cutoff: 2.0 days

5. Processing reefs in parallel chunks...
Processing 3806 reefs in 20 chunks of 200 reefs each
Processing chunk 1/20 (reefs 0-199)
  ✅ Completed chunk 1 - Avg memory: 136.1MB, Max: 360.2MB
Processing chunk 2/20 (reefs 200-399)
  ✅ Completed chunk 2 - Avg memory: 54.2MB, Max: 158.1MB
Processing chunk 3/20 (reefs 400-599)
  ✅ Completed chunk 3 - Avg memory: 135.9MB, Max: 397.1MB
Processing chunk 4/20 (reefs 600-799)
  ✅ Completed chunk 4 - Avg memory: 139.1MB, Max: 360.2MB
Processing chunk 5/20 (reefs 800-999)
  ✅ Completed chunk 5 - Avg memory: 57.3MB, Max: 109.0MB
Processing chunk 6/20 (reefs 1000-1199)
  ✅ Completed chunk 6 - Avg memory: 44.5MB, Max: 121.1MB
Processing chunk 7/20 (reefs 1200-1399)
  ✅ Completed chunk 7 - Avg memory: 139.7MB, Max: 376.2MB
Processing chunk 8/20 (reefs 1400-1599)
  ✅ Completed chunk 8 - Avg memory: 132.0MB, Max: 431.4MB
Processing chunk 9/20 (reefs 1600-1799)
  ✅ Completed chunk 9 - Avg memory: 134.4MB, Max: 395.8MB
Processing chunk 10/20 (reefs 1800-1999)
  ✅ Completed chunk 10 - Avg memory: 136.4MB, Max: 364.6MB
Processing chunk 11/20 (reefs 2000-2199)
  ✅ Completed chunk 11 - Avg memory: 135.0MB, Max: 409.3MB
Processing chunk 12/20 (reefs 2200-2399)
  ✅ Completed chunk 12 - Avg memory: 133.8MB, Max: 356.7MB
Processing chunk 13/20 (reefs 2400-2599)
  ✅ Completed chunk 13 - Avg memory: 135.6MB, Max: 426.7MB
Processing chunk 14/20 (reefs 2600-2799)
  ✅ Completed chunk 14 - Avg memory: 142.0MB, Max: 412.3MB
Processing chunk 15/20 (reefs 2800-2999)
  ✅ Completed chunk 15 - Avg memory: 136.3MB, Max: 369.3MB
Processing chunk 16/20 (reefs 3000-3199)
  ✅ Completed chunk 16 - Avg memory: 109.2MB, Max: 444.2MB
Processing chunk 17/20 (reefs 3200-3399)
  ✅ Completed chunk 17 - Avg memory: 112.7MB, Max: 359.0MB
Processing chunk 18/20 (reefs 3400-3599)
