==========================================
PARALLEL CONNECTIVITY Full JOB
==========================================
Job ID: 12368197
Array Task ID: 46
Node: c305
CPUs allocated: 64
Memory allocated: 204800 MB
Start time: Mon 22 Sep 2025 06:51:17 PM AEST
==========================================
Running parallel connectivity analysis...
Chunk size: 200
CPUs: 64

Processing date: 2016-10-18
Processing species: acropora
Run index: 2
Chunk number: 3
Species index: 0
Output file: connectivity_2016-10-18_acropora_run2.nc

================================================================================
REEF CONNECTIVITY ANALYSIS WITH PARALLEL PROCESSING
================================================================================

1. Loading configuration from: config/connectivity_parameters.yaml
Configuration loaded from: config/connectivity_parameters.yaml
   ✅ Configuration loaded
   Species overridden to: acropora
   Bootstrap: 500 particles, 10 repetitions
   Species: acropora

2. Loading shapefile and calculating spatial metrics...
Loading shapefile: /datasets/work/oa-coconet/work/OceanParcels-GBR/data/Shape_files/gbr1_coral_1m_merged_buffer0p001.shp
Loaded 3806 reef sites
   ✅ Loaded 3806 reef sites
   Calculating spatial metrics...
   ✅ Spatial metrics calculated: (3806, 3806)

3. Finding particle files for release day 2016-10-18...
 
 path to particles /datasets/work/oa-coconet/work/OceanParcels-GBR/outputs/Coral/2016-10-18
Found 3806 particle files for release day 2016-10-18
Found 3806 particle files for release day 2016-10-18
   ✅ Found 3806 particle files

4. Initializing connectivity matrix...
   Dimensions: 3806 sources × 3806 sinks × 2 treatments × 10 samples
   Minimum age cutoff: 2.0 days

5. Processing reefs in parallel chunks...
Processing 3806 reefs in 20 chunks of 200 reefs each
Processing chunk 1/20 (reefs 0-199)
  ✅ Completed chunk 1 - Avg memory: 139.1MB, Max: 369.0MB
Processing chunk 2/20 (reefs 200-399)
  ✅ Completed chunk 2 - Avg memory: 95.2MB, Max: 351.0MB
Processing chunk 3/20 (reefs 400-599)
  ✅ Completed chunk 3 - Avg memory: 144.4MB, Max: 438.0MB
Processing chunk 4/20 (reefs 600-799)
  ✅ Completed chunk 4 - Avg memory: 116.0MB, Max: 347.7MB
Processing chunk 5/20 (reefs 800-999)
  ✅ Completed chunk 5 - Avg memory: 44.6MB, Max: 128.7MB
Processing chunk 6/20 (reefs 1000-1199)
  ✅ Completed chunk 6 - Avg memory: 38.4MB, Max: 124.8MB
Processing chunk 7/20 (reefs 1200-1399)
  ✅ Completed chunk 7 - Avg memory: 136.7MB, Max: 361.6MB
Processing chunk 8/20 (reefs 1400-1599)
  ✅ Completed chunk 8 - Avg memory: 106.4MB, Max: 339.7MB
Processing chunk 9/20 (reefs 1600-1799)
  ✅ Completed chunk 9 - Avg memory: 80.1MB, Max: 366.6MB
Processing chunk 10/20 (reefs 1800-1999)
  ✅ Completed chunk 10 - Avg memory: 103.8MB, Max: 352.3MB
Processing chunk 11/20 (reefs 2000-2199)
  ✅ Completed chunk 11 - Avg memory: 84.2MB, Max: 419.2MB
Processing chunk 12/20 (reefs 2200-2399)
  ✅ Completed chunk 12 - Avg memory: 87.6MB, Max: 357.6MB
Processing chunk 13/20 (reefs 2400-2599)
  ✅ Completed chunk 13 - Avg memory: 131.2MB, Max: 431.3MB
Processing chunk 14/20 (reefs 2600-2799)
  ✅ Completed chunk 14 - Avg memory: 78.2MB, Max: 411.9MB
Processing chunk 15/20 (reefs 2800-2999)
  ✅ Completed chunk 15 - Avg memory: 133.3MB, Max: 344.8MB
Processing chunk 16/20 (reefs 3000-3199)
  ✅ Completed chunk 16 - Avg memory: 60.2MB, Max: 316.4MB
Processing chunk 17/20 (reefs 3200-3399)
  ✅ Completed chunk 17 - Avg memory: 129.5MB, Max: 398.1MB
Processing chunk 18/20 (reefs 3400-3599)
  ✅ Completed chunk 18 - Avg memory: 116.1MB, Max: 383.3MB
Processing chunk 19/20 (reefs 3600-3799)
  ✅ Completed chunk 19 - Avg memory: 136.1MB, Max: 338.8MB
Processing chunk 20/20 (reefs 3800-3805)
  ✅ Completed chunk 20 - Avg memory: 44.5MB, Max: 105.6MB

6. Collecting results into connectivity matrix...
   ✅ Collected results from 3806 successful reefs

7. Memory usage statistics:
   Average memory per reef: 100.3MB
   Maximum memory per reef: 438.0MB
   Estimated memory for 64 parallel reefs: 28033.0MB

9. Saving results to NetCDF...
   Output file: output/connectivity_2016-10-18_acropora_run2.nc
Creating NetCDF output: output/connectivity_2016-10-18_acropora_run2.nc
NetCDF file saved: output/connectivity_2016-10-18_acropora_run2.nc
Data type: float32, Compression: zlib level 7

10. Verifying output...
✅ Output file structure verified: output/connectivity_2016-10-18_acropora_run2.nc
   ✅ Output verified successfully
   File size: 124,063,687 bytes

================================================================================
ANALYSIS COMPLETE
================================================================================
✅ Processing time: 20208.43 seconds
✅ Input files: 3806 particle files
✅ Processed files: 3806
✅ Failed files: 0
✅ Output: output/connectivity_2016-10-18_acropora_run2.nc
✅ Matrix dimensions: 3806×3806×2 treatments×10 samples

🎉 Analysis completed successfully!

==========================================
JOB COMPLETED SUCCESSFULLY
==========================================
End time: Tue 23 Sep 2025 12:28:07 AM AEST
Output file: output/connectivity_2016-10-18_acropora_run2.nc
Output file size: 119M
==========================================
Job completed at: Tue 23 Sep 2025 12:28:07 AM AEST
==========================================
