==========================================
PARALLEL CONNECTIVITY Full JOB
==========================================
Job ID: 12394051
Array Task ID: 167
Node: c159
CPUs allocated: 64
Memory allocated: 204800 MB
Start time: Tue 23 Sep 2025 05:37:38 AM AEST
==========================================
Running parallel connectivity analysis...
Chunk size: 200
CPUs: 64

Processing date: 2016-10-18
Processing species: merulinidae
Run index: 8
Chunk number: 3
Species index: 1
Output file: connectivity_2016-10-18_merulinidae_run8.nc

================================================================================
REEF CONNECTIVITY ANALYSIS WITH PARALLEL PROCESSING
================================================================================

1. Loading configuration from: config/connectivity_parameters.yaml
Configuration loaded from: config/connectivity_parameters.yaml
   ✅ Configuration loaded
   Species overridden to: merulinidae
   Bootstrap: 500 particles, 10 repetitions
   Species: merulinidae

2. Loading shapefile and calculating spatial metrics...
Loading shapefile: /datasets/work/oa-coconet/work/OceanParcels-GBR/data/Shape_files/gbr1_coral_1m_merged_buffer0p001.shp
Loaded 3806 reef sites
   ✅ Loaded 3806 reef sites
   Calculating spatial metrics...
   ✅ Spatial metrics calculated: (3806, 3806)

3. Finding particle files for release day 2016-10-18...
 
 path to particles /datasets/work/oa-coconet/work/OceanParcels-GBR/outputs/Coral/2016-10-18
Found 3806 particle files for release day 2016-10-18
Found 3806 particle files for release day 2016-10-18
   ✅ Found 3806 particle files

4. Initializing connectivity matrix...
   Dimensions: 3806 sources × 3806 sinks × 2 treatments × 10 samples
   Minimum age cutoff: 2.0 days

5. Processing reefs in parallel chunks...
Processing 3806 reefs in 20 chunks of 200 reefs each
Processing chunk 1/20 (reefs 0-199)
  ✅ Completed chunk 1 - Avg memory: 138.0MB, Max: 354.9MB
Processing chunk 2/20 (reefs 200-399)
  ✅ Completed chunk 2 - Avg memory: 64.3MB, Max: 313.6MB
Processing chunk 3/20 (reefs 400-599)
  ✅ Completed chunk 3 - Avg memory: 136.3MB, Max: 351.8MB
Processing chunk 4/20 (reefs 600-799)
  ✅ Completed chunk 4 - Avg memory: 124.3MB, Max: 361.4MB
Processing chunk 5/20 (reefs 800-999)
  ✅ Completed chunk 5 - Avg memory: 49.7MB, Max: 124.8MB
Processing chunk 6/20 (reefs 1000-1199)
  ✅ Completed chunk 6 - Avg memory: 44.3MB, Max: 133.9MB
Processing chunk 7/20 (reefs 1200-1399)
  ✅ Completed chunk 7 - Avg memory: 137.9MB, Max: 356.0MB
Processing chunk 8/20 (reefs 1400-1599)
  ✅ Completed chunk 8 - Avg memory: 101.6MB, Max: 347.5MB
Processing chunk 9/20 (reefs 1600-1799)
  ✅ Completed chunk 9 - Avg memory: 131.4MB, Max: 366.4MB
Processing chunk 10/20 (reefs 1800-1999)
  ✅ Completed chunk 10 - Avg memory: 128.0MB, Max: 361.7MB
Processing chunk 11/20 (reefs 2000-2199)
  ✅ Completed chunk 11 - Avg memory: 136.1MB, Max: 426.3MB
Processing chunk 12/20 (reefs 2200-2399)
  ✅ Completed chunk 12 - Avg memory: 72.7MB, Max: 358.0MB
Processing chunk 13/20 (reefs 2400-2599)
  ✅ Completed chunk 13 - Avg memory: 136.3MB, Max: 427.7MB
Processing chunk 14/20 (reefs 2600-2799)
  ✅ Completed chunk 14 - Avg memory: 150.2MB, Max: 426.9MB
Processing chunk 15/20 (reefs 2800-2999)
  ✅ Completed chunk 15 - Avg memory: 134.8MB, Max: 355.1MB
Processing chunk 16/20 (reefs 3000-3199)
  ✅ Completed chunk 16 - Avg memory: 133.9MB, Max: 384.1MB
Processing chunk 17/20 (reefs 3200-3399)
  ✅ Completed chunk 17 - Avg memory: 47.1MB, Max: 156.1MB
Processing chunk 18/20 (reefs 3400-3599)
  ✅ Completed chunk 18 - Avg memory: 104.7MB, Max: 376.6MB
Processing chunk 19/20 (reefs 3600-3799)
  ✅ Completed chunk 19 - Avg memory: 121.6MB, Max: 374.7MB
Processing chunk 20/20 (reefs 3800-3805)
  ✅ Completed chunk 20 - Avg memory: 71.8MB, Max: 124.7MB

6. Collecting results into connectivity matrix...
   ✅ Collected results from 3806 successful reefs

7. Memory usage statistics:
   Average memory per reef: 108.2MB
   Maximum memory per reef: 427.7MB
   Estimated memory for 64 parallel reefs: 27375.0MB

9. Saving results to NetCDF...
   Output file: output/connectivity_2016-10-18_merulinidae_run8.nc
Creating NetCDF output: output/connectivity_2016-10-18_merulinidae_run8.nc
NetCDF file saved: output/connectivity_2016-10-18_merulinidae_run8.nc
Data type: float32, Compression: zlib level 7

10. Verifying output...
✅ Output file structure verified: output/connectivity_2016-10-18_merulinidae_run8.nc
   ✅ Output verified successfully
   File size: 118,796,285 bytes

================================================================================
ANALYSIS COMPLETE
================================================================================
✅ Processing time: 20507.31 seconds
✅ Input files: 3806 particle files
✅ Processed files: 3806
✅ Failed files: 0
✅ Output: output/connectivity_2016-10-18_merulinidae_run8.nc
✅ Matrix dimensions: 3806×3806×2 treatments×10 samples

🎉 Analysis completed successfully!

==========================================
JOB COMPLETED SUCCESSFULLY
==========================================
End time: Tue 23 Sep 2025 11:19:28 AM AEST
Output file: output/connectivity_2016-10-18_merulinidae_run8.nc
Output file size: 114M
==========================================
Job completed at: Tue 23 Sep 2025 11:19:28 AM AEST
==========================================
