==========================================
PARALLEL CONNECTIVITY Full JOB
==========================================
Job ID: 12418482
Array Task ID: 218
Node: c373
CPUs allocated: 64
Memory allocated: 204800 MB
Start time: Tue 23 Sep 2025 11:57:38 AM AEST
==========================================
Running parallel connectivity analysis...
Chunk size: 200
CPUs: 64

Processing date: 2018-10-27
Processing species: acropora
Run index: 10
Chunk number: 9
Species index: 0
Output file: connectivity_2018-10-27_acropora_run10.nc

================================================================================
REEF CONNECTIVITY ANALYSIS WITH PARALLEL PROCESSING
================================================================================

1. Loading configuration from: config/connectivity_parameters.yaml
Configuration loaded from: config/connectivity_parameters.yaml
   ✅ Configuration loaded
   Species overridden to: acropora
   Bootstrap: 500 particles, 10 repetitions
   Species: acropora

2. Loading shapefile and calculating spatial metrics...
Loading shapefile: /datasets/work/oa-coconet/work/OceanParcels-GBR/data/Shape_files/gbr1_coral_1m_merged_buffer0p001.shp
Loaded 3806 reef sites
   ✅ Loaded 3806 reef sites
   Calculating spatial metrics...
   ✅ Spatial metrics calculated: (3806, 3806)

3. Finding particle files for release day 2018-10-27...
 
 path to particles /datasets/work/oa-coconet/work/OceanParcels-GBR/outputs/Coral/2018-10-27
Found 3806 particle files for release day 2018-10-27
Found 3806 particle files for release day 2018-10-27
   ✅ Found 3806 particle files

4. Initializing connectivity matrix...
   Dimensions: 3806 sources × 3806 sinks × 2 treatments × 10 samples
   Minimum age cutoff: 2.0 days

5. Processing reefs in parallel chunks...
Processing 3806 reefs in 20 chunks of 200 reefs each
Processing chunk 1/20 (reefs 0-199)
  ✅ Completed chunk 1 - Avg memory: 139.2MB, Max: 378.0MB
Processing chunk 2/20 (reefs 200-399)
  ✅ Completed chunk 2 - Avg memory: 80.0MB, Max: 340.8MB
Processing chunk 3/20 (reefs 400-599)
  ✅ Completed chunk 3 - Avg memory: 116.4MB, Max: 392.4MB
Processing chunk 4/20 (reefs 600-799)
  ✅ Completed chunk 4 - Avg memory: 119.2MB, Max: 370.6MB
Processing chunk 5/20 (reefs 800-999)
  ✅ Completed chunk 5 - Avg memory: 52.7MB, Max: 111.7MB
Processing chunk 6/20 (reefs 1000-1199)
  ✅ Completed chunk 6 - Avg memory: 43.9MB, Max: 125.7MB
Processing chunk 7/20 (reefs 1200-1399)
