==========================================
PARALLEL CONNECTIVITY TEST JOB
==========================================
Job ID: 12310726
Array Task ID: 0
Node: c299
CPUs allocated: 64
Memory allocated: 204800 MB
Start time: Mon 22 Sep 2025 12:59:46 PM AEST
==========================================
Running parallel connectivity analysis...
Chunk size: 200
CPUs: 64

Processing date: 2015-10-29
Processing species: acropora
Run index: 0
Chunk number: 0
Species index: 0
Output file: connectivity_2015-10-29_acropora_run0.nc


==========================================
JOB FAILED
==========================================
End time: Mon 22 Sep 2025 12:59:46 PM AEST
Check error log: logs/full_connectivity_12310726_0.err
